app/build/intermediates/manifest_merge_blame_file/release/manifest-merger-blame-release-report.txt
1<?xml version="1.0" encoding="utf-8"?>
2<manifest xmlns:android="http://schemas.android.com/apk/res/android"
3    package="com.app.urbfs"
4    android:versionCode="3"
5    android:versionName="3.0" >
6
7    <uses-sdk
8        android:minSdkVersion="17"
8-->src\main\AndroidManifest.xml
9        android:targetSdkVersion="29" />
9-->src\main\AndroidManifest.xml
10
11    <uses-permission android:name="android.permission.ACCESS_NETWORK_STATE" />
11-->src\main\AndroidManifest.xml:5:5-79
11-->src\main\AndroidManifest.xml:5:22-76
12    <uses-permission android:name="android.permission.ACCESS_NETWORK_STATE" />
12-->src\main\AndroidManifest.xml:5:5-79
12-->src\main\AndroidManifest.xml:5:22-76
13    <uses-permission android:name="android.permission.INTERNET" />
13-->src\main\AndroidManifest.xml:7:5-67
13-->src\main\AndroidManifest.xml:7:22-64
14    <uses-permission android:name="android.permission.ACCESS_NETWORK_STATE" />
14-->src\main\AndroidManifest.xml:5:5-79
14-->src\main\AndroidManifest.xml:5:22-76
15    <uses-permission android:name="android.permission.ACCESS_WIFI_STATE" />
15-->src\main\AndroidManifest.xml:9:5-76
15-->src\main\AndroidManifest.xml:9:22-73
16    <uses-permission android:name="android.permission.CHANGE_WIFI_MULTICAST_STATE" />
16-->src\main\AndroidManifest.xml:10:5-86
16-->src\main\AndroidManifest.xml:10:22-83
17    <uses-permission android:name="android.permission.CHANGE_WIFI_STATE" />
17-->src\main\AndroidManifest.xml:11:5-76
17-->src\main\AndroidManifest.xml:11:22-73
18    <uses-permission android:name="android.permission.WRITE_EXTERNAL_STORAGE" />
18-->src\main\AndroidManifest.xml:12:5-81
18-->src\main\AndroidManifest.xml:12:22-78
19    <uses-permission android:name="android.permission.CHANGE_NETWORK_STATE" />
19-->src\main\AndroidManifest.xml:13:5-79
19-->src\main\AndroidManifest.xml:13:22-76
20    <uses-permission android:name="android.permission.VIBRATE" />
20-->src\main\AndroidManifest.xml:14:5-66
20-->src\main\AndroidManifest.xml:14:22-63
21    <uses-permission android:name="android.permission.WAKE_LOCK" />
21-->src\main\AndroidManifest.xml:15:5-68
21-->src\main\AndroidManifest.xml:15:22-65
22    <uses-permission android:name="com.google.android.c2dm.permission.RECEIVE" />
22-->src\main\AndroidManifest.xml:16:5-82
22-->src\main\AndroidManifest.xml:16:22-79
23    <uses-permission android:name="android.permission.ACCESS_FINE_LOCATION" />
23-->src\main\AndroidManifest.xml:17:5-79
23-->src\main\AndroidManifest.xml:17:22-76
24    <uses-permission android:name="android.permission.SYSTEM_ALERT_WINDOW" />
24-->src\main\AndroidManifest.xml:18:5-78
24-->src\main\AndroidManifest.xml:18:22-75
25    <uses-permission android:name="android.permission.READ_EXTERNAL_STORAGE" />
26
27    <uses-feature
27-->[com.google.android.gms:play-services-maps:11.0.4] AndroidManifest.xml:21:5-77
28        android:glEsVersion="0x00020000"
28-->[com.google.android.gms:play-services-maps:11.0.4] AndroidManifest.xml:21:19-51
29        android:required="true" />
29-->[com.google.android.gms:play-services-maps:11.0.4] AndroidManifest.xml:21:52-75
30
31    <permission
31-->[com.google.firebase:firebase-iid:11.0.4] AndroidManifest.xml:24:5-109
32        android:name="com.app.urbfs.permission.C2D_MESSAGE"
32-->[com.google.firebase:firebase-iid:11.0.4] AndroidManifest.xml:24:17-71
33        android:protectionLevel="signature" />
33-->[com.google.firebase:firebase-iid:11.0.4] AndroidManifest.xml:24:72-107
34
35    <uses-permission android:name="com.app.urbfs.permission.C2D_MESSAGE" />
35-->[com.google.firebase:firebase-iid:11.0.4] AndroidManifest.xml:26:5-78
35-->[com.google.firebase:firebase-iid:11.0.4] AndroidManifest.xml:26:22-76
36
37    <application
37-->src\main\AndroidManifest.xml:20:5-104:19
38        android:name="androidx.multidex.MultiDexApplication"
39        android:allowBackup="true"
39-->src\main\AndroidManifest.xml:21:9-35
40        android:appComponentFactory="androidx.core.app.CoreComponentFactory"
40-->[androidx.core:core:1.0.1] AndroidManifest.xml:22:18-86
41        android:debuggable="false"
41-->src\main\AndroidManifest.xml:22:9-35
42        android:icon="@drawable/new_roundlogo"
42-->src\main\AndroidManifest.xml:23:9-47
43        android:label="@string/app_name"
43-->src\main\AndroidManifest.xml:24:9-41
44        android:largeHeap="true"
44-->src\main\AndroidManifest.xml:29:9-33
45        android:networkSecurityConfig="@xml/network_security_config"
45-->src\main\AndroidManifest.xml:30:9-69
46        android:roundIcon="@drawable/new_roundlogo"
46-->src\main\AndroidManifest.xml:26:9-52
47        android:supportsRtl="true"
47-->src\main\AndroidManifest.xml:31:9-35
48        android:testOnly="false"
48-->src\main\AndroidManifest.xml:25:9-33
49        android:theme="@style/AppTheme"
49-->src\main\AndroidManifest.xml:27:9-40
50        android:usesCleartextTraffic="true" >
50-->src\main\AndroidManifest.xml:28:9-44
51        <activity android:name="com.app.urbfs.activity.Splashscreen" >
51-->src\main\AndroidManifest.xml:34:9-40:20
51-->src\main\AndroidManifest.xml:34:19-56
52            <intent-filter>
52-->src\main\AndroidManifest.xml:35:13-39:29
53                <action android:name="android.intent.action.MAIN" />
53-->src\main\AndroidManifest.xml:36:17-69
53-->src\main\AndroidManifest.xml:36:25-66
54
55                <category android:name="android.intent.category.LAUNCHER" />
55-->src\main\AndroidManifest.xml:38:17-77
55-->src\main\AndroidManifest.xml:38:27-74
56            </intent-filter>
57        </activity>
58        <activity
58-->src\main\AndroidManifest.xml:41:9-44:54
59            android:name="com.app.urbfs.activity.LoginActivity"
59-->src\main\AndroidManifest.xml:42:13-51
60            android:label="@string/app_name"
60-->src\main\AndroidManifest.xml:43:13-45
61            android:theme="@style/MyMaterialTheme" />
61-->src\main\AndroidManifest.xml:44:13-51
62        <activity
62-->src\main\AndroidManifest.xml:45:9-48:57
63            android:name="com.app.urbfs.activity.Frontview"
63-->src\main\AndroidManifest.xml:46:13-47
64            android:theme="@style/MyMaterialTheme"
64-->src\main\AndroidManifest.xml:47:13-51
65            android:windowSoftInputMode="stateHidden" />
65-->src\main\AndroidManifest.xml:48:13-54
66        <activity
66-->src\main\AndroidManifest.xml:49:9-52:54
67            android:name="com.app.urbfs.activity.Team_main"
67-->src\main\AndroidManifest.xml:50:13-47
68            android:label="Team"
68-->src\main\AndroidManifest.xml:51:13-33
69            android:theme="@style/MyMaterialTheme" />
69-->src\main\AndroidManifest.xml:52:13-51
70        <activity
70-->src\main\AndroidManifest.xml:53:9-56:54
71            android:name="com.app.urbfs.activity.Income_report"
71-->src\main\AndroidManifest.xml:54:13-51
72            android:label="History Report"
72-->src\main\AndroidManifest.xml:55:13-43
73            android:theme="@style/MyMaterialTheme" />
73-->src\main\AndroidManifest.xml:56:13-51
74        <activity
74-->src\main\AndroidManifest.xml:57:9-60:54
75            android:name="com.app.urbfs.activity.Income_wallet"
75-->src\main\AndroidManifest.xml:58:13-51
76            android:label="Income wallet"
76-->src\main\AndroidManifest.xml:59:13-42
77            android:theme="@style/MyMaterialTheme" />
77-->src\main\AndroidManifest.xml:60:13-51
78        <activity
78-->src\main\AndroidManifest.xml:61:9-64:54
79            android:name="com.app.urbfs.activity.Referal_Master"
79-->src\main\AndroidManifest.xml:62:13-52
80            android:label="Referal Master"
80-->src\main\AndroidManifest.xml:63:13-43
81            android:theme="@style/MyMaterialTheme" />
81-->src\main\AndroidManifest.xml:64:13-51
82        <activity
82-->src\main\AndroidManifest.xml:65:9-68:54
83            android:name="com.app.urbfs.activity.NewsAndUpdateActivity"
83-->src\main\AndroidManifest.xml:66:13-59
84            android:label="News And Update"
84-->src\main\AndroidManifest.xml:67:13-44
85            android:theme="@style/MyMaterialTheme" />
85-->src\main\AndroidManifest.xml:68:13-51
86        <activity
86-->src\main\AndroidManifest.xml:70:9-73:57
87            android:name="com.app.urbfs.activity.NewRegistrationUser"
87-->src\main\AndroidManifest.xml:71:13-57
88            android:theme="@style/MyMaterialTheme"
88-->src\main\AndroidManifest.xml:72:13-51
89            android:windowSoftInputMode="stateHidden" />
89-->src\main\AndroidManifest.xml:73:13-54
90        <activity
90-->src\main\AndroidManifest.xml:74:9-77:54
91            android:name="com.app.urbfs.activity.WebsiteActivity"
91-->src\main\AndroidManifest.xml:75:13-53
92            android:label="@string/app_name"
92-->src\main\AndroidManifest.xml:76:13-45
93            android:theme="@style/MyMaterialTheme" />
93-->src\main\AndroidManifest.xml:77:13-51
94        <activity
94-->src\main\AndroidManifest.xml:78:9-81:54
95            android:name="com.app.urbfs.activity.ProfileUpdateActivity"
95-->src\main\AndroidManifest.xml:79:13-59
96            android:label="@string/profile"
96-->src\main\AndroidManifest.xml:80:13-44
97            android:theme="@style/MyMaterialTheme" />
97-->src\main\AndroidManifest.xml:81:13-51
98        <activity
98-->src\main\AndroidManifest.xml:83:9-87:57
99            android:name="com.app.urbfs.activity.DirectActivitys"
99-->src\main\AndroidManifest.xml:84:13-53
100            android:label="Level"
100-->src\main\AndroidManifest.xml:85:13-34
101            android:theme="@style/MyMaterialTheme"
101-->src\main\AndroidManifest.xml:86:13-51
102            android:windowSoftInputMode="stateHidden" />
102-->src\main\AndroidManifest.xml:87:13-54
103        <activity
103-->src\main\AndroidManifest.xml:88:9-92:57
104            android:name="com.app.urbfs.activity.LevelDetailsActivitys"
104-->src\main\AndroidManifest.xml:89:13-59
105            android:label="Level Details"
105-->src\main\AndroidManifest.xml:90:13-42
106            android:theme="@style/MyMaterialTheme"
106-->src\main\AndroidManifest.xml:91:13-51
107            android:windowSoftInputMode="stateHidden" />
107-->src\main\AndroidManifest.xml:92:13-54
108        <activity
108-->src\main\AndroidManifest.xml:93:9-95:54
109            android:name="com.app.urbfs.activity.Pinmaster"
109-->src\main\AndroidManifest.xml:94:13-47
110            android:theme="@style/MyMaterialTheme" />
110-->src\main\AndroidManifest.xml:95:13-51
111        <activity
111-->src\main\AndroidManifest.xml:96:9-100:57
112            android:name="com.app.urbfs.activity.ReferActivity"
112-->src\main\AndroidManifest.xml:97:13-51
113            android:label="@string/refer"
113-->src\main\AndroidManifest.xml:98:13-42
114            android:theme="@style/MyMaterialTheme"
114-->src\main\AndroidManifest.xml:99:13-51
115            android:windowSoftInputMode="stateHidden" />
115-->src\main\AndroidManifest.xml:100:13-54
116
117        <uses-library
117-->src\main\AndroidManifest.xml:101:9-103:40
118            android:name="org.apache.http.legacy"
118-->src\main\AndroidManifest.xml:102:13-50
119            android:required="false" />
119-->src\main\AndroidManifest.xml:103:13-37
120
121        <receiver android:name="com.google.android.gms.cast.framework.media.MediaIntentReceiver" />
121-->[com.google.android.gms:play-services-cast-framework:11.0.4] AndroidManifest.xml:5:9-99
121-->[com.google.android.gms:play-services-cast-framework:11.0.4] AndroidManifest.xml:5:19-97
122
123        <service android:name="com.google.android.gms.cast.framework.media.MediaNotificationService" />
123-->[com.google.android.gms:play-services-cast-framework:11.0.4] AndroidManifest.xml:6:9-103
123-->[com.google.android.gms:play-services-cast-framework:11.0.4] AndroidManifest.xml:6:18-101
124        <service android:name="com.google.android.gms.cast.framework.ReconnectionService" /> <!-- Include the AdActivity and InAppPurchaseActivity configChanges and themes. -->
124-->[com.google.android.gms:play-services-cast-framework:11.0.4] AndroidManifest.xml:7:9-92
124-->[com.google.android.gms:play-services-cast-framework:11.0.4] AndroidManifest.xml:7:18-90
125        <activity
125-->[com.google.android.gms:play-services-ads-lite:11.0.4] AndroidManifest.xml:25:9-232
126            android:name="com.google.android.gms.ads.AdActivity"
126-->[com.google.android.gms:play-services-ads-lite:11.0.4] AndroidManifest.xml:25:19-71
127            android:configChanges="keyboard|keyboardHidden|orientation|screenLayout|uiMode|screenSize|smallestScreenSize"
127-->[com.google.android.gms:play-services-ads-lite:11.0.4] AndroidManifest.xml:25:72-181
128            android:theme="@android:style/Theme.Translucent" />
128-->[com.google.android.gms:play-services-ads-lite:11.0.4] AndroidManifest.xml:25:182-230
129        <activity
129-->[com.google.android.gms:play-services-appinvite:11.0.4] AndroidManifest.xml:20:9-25:20
130            android:name="com.google.android.gms.appinvite.PreviewActivity"
130-->[com.google.android.gms:play-services-appinvite:11.0.4] AndroidManifest.xml:20:19-50
131            android:exported="true"
131-->[com.google.android.gms:play-services-appinvite:11.0.4] AndroidManifest.xml:20:51-74
132            android:theme="@style/Theme.AppInvite.Preview" >
132-->[com.google.android.gms:play-services-appinvite:11.0.4] AndroidManifest.xml:20:75-121
133            <intent-filter>
133-->[com.google.android.gms:play-services-appinvite:11.0.4] AndroidManifest.xml:21:13-24:29
134                <action android:name="com.google.android.gms.appinvite.ACTION_PREVIEW" />
134-->[com.google.android.gms:play-services-appinvite:11.0.4] AndroidManifest.xml:22:17-89
134-->[com.google.android.gms:play-services-appinvite:11.0.4] AndroidManifest.xml:22:25-87
135
136                <category android:name="android.intent.category.DEFAULT" />
136-->[com.google.android.gms:play-services-appinvite:11.0.4] AndroidManifest.xml:23:17-75
136-->[com.google.android.gms:play-services-appinvite:11.0.4] AndroidManifest.xml:23:27-73
137            </intent-filter>
138        </activity>
139        <activity
139-->[com.google.android.gms:play-services-auth:11.0.4] AndroidManifest.xml:20:9-189
140            android:name="com.google.android.gms.auth.api.signin.internal.SignInHubActivity"
140-->[com.google.android.gms:play-services-auth:11.0.4] AndroidManifest.xml:20:19-68
141            android:excludeFromRecents="true"
141-->[com.google.android.gms:play-services-auth:11.0.4] AndroidManifest.xml:20:129-162
142            android:exported="false"
142-->[com.google.android.gms:play-services-auth:11.0.4] AndroidManifest.xml:20:163-187
143            android:theme="@android:style/Theme.Translucent.NoTitleBar" />
143-->[com.google.android.gms:play-services-auth:11.0.4] AndroidManifest.xml:20:69-128
144        <!--
145Service handling Google Sign-In user revocation. For apps that do not integrate with
146            Google Sign-In, this service will never be started.
147        -->
148        <service
148-->[com.google.android.gms:play-services-auth:11.0.4] AndroidManifest.xml:24:9-184
149            android:name="com.google.android.gms.auth.api.signin.RevocationBoundService"
149-->[com.google.android.gms:play-services-auth:11.0.4] AndroidManifest.xml:24:18-63
150            android:exported="true"
150-->[com.google.android.gms:play-services-auth:11.0.4] AndroidManifest.xml:24:64-87
151            android:permission="com.google.android.gms.auth.api.signin.permission.REVOCATION_NOTIFICATION" />
151-->[com.google.android.gms:play-services-auth:11.0.4] AndroidManifest.xml:24:88-182
152
153        <activity
153-->[com.google.android.gms:play-services-base:11.0.4] AndroidManifest.xml:19:9-172
154            android:name="com.google.android.gms.common.api.GoogleApiActivity"
154-->[com.google.android.gms:play-services-base:11.0.4] AndroidManifest.xml:19:19-85
155            android:exported="false"
155-->[com.google.android.gms:play-services-base:11.0.4] AndroidManifest.xml:19:146-170
156            android:theme="@android:style/Theme.Translucent.NoTitleBar" />
156-->[com.google.android.gms:play-services-base:11.0.4] AndroidManifest.xml:19:86-145
157        <!--
158 FirebaseMessagingService performs security checks at runtime,
159             no need for explicit permissions despite exported="true"
160        -->
161        <service
161-->[com.google.firebase:firebase-messaging:11.0.4] AndroidManifest.xml:23:9-27:19
162            android:name="com.google.firebase.messaging.FirebaseMessagingService"
162-->[com.google.firebase:firebase-messaging:11.0.4] AndroidManifest.xml:23:18-87
163            android:exported="true" >
163-->[com.google.firebase:firebase-messaging:11.0.4] AndroidManifest.xml:23:88-111
164            <intent-filter android:priority="-500" >
164-->[com.google.firebase:firebase-messaging:11.0.4] AndroidManifest.xml:24:13-26:29
164-->[com.google.firebase:firebase-messaging:11.0.4] AndroidManifest.xml:24:28-51
165                <action android:name="com.google.firebase.MESSAGING_EVENT" />
165-->[com.google.firebase:firebase-messaging:11.0.4] AndroidManifest.xml:25:17-77
165-->[com.google.firebase:firebase-messaging:11.0.4] AndroidManifest.xml:25:25-75
166            </intent-filter>
167        </service>
168        <service
168-->[com.google.android.gms:play-services-tagmanager-api:11.0.4] AndroidManifest.xml:24:9-134
169            android:name="com.google.android.gms.tagmanager.TagManagerService"
169-->[com.google.android.gms:play-services-tagmanager-api:11.0.4] AndroidManifest.xml:24:18-84
170            android:enabled="true"
170-->[com.google.android.gms:play-services-tagmanager-api:11.0.4] AndroidManifest.xml:24:110-132
171            android:exported="false" />
171-->[com.google.android.gms:play-services-tagmanager-api:11.0.4] AndroidManifest.xml:24:85-109
172
173        <activity
173-->[com.google.android.gms:play-services-tagmanager-api:11.0.4] AndroidManifest.xml:25:9-32:20
174            android:name="com.google.android.gms.tagmanager.TagManagerPreviewActivity"
174-->[com.google.android.gms:play-services-tagmanager-api:11.0.4] AndroidManifest.xml:25:19-93
175            android:exported="true"
175-->[com.google.android.gms:play-services-tagmanager-api:11.0.4] AndroidManifest.xml:25:94-117
176            android:noHistory="true" > <!-- optional, removes the previewActivity from the activity stack. -->
176-->[com.google.android.gms:play-services-tagmanager-api:11.0.4] AndroidManifest.xml:25:118-142
177            <intent-filter>
177-->[com.google.android.gms:play-services-tagmanager-api:11.0.4] AndroidManifest.xml:26:13-31:29
178                <data android:scheme="tagmanager.c.com.app.urbfs" />
178-->[com.google.android.gms:play-services-tagmanager-api:11.0.4] AndroidManifest.xml:27:17-71
178-->[com.google.android.gms:play-services-tagmanager-api:11.0.4] AndroidManifest.xml:27:23-69
179
180                <action android:name="android.intent.action.VIEW" />
180-->[com.google.android.gms:play-services-tagmanager-api:11.0.4] AndroidManifest.xml:28:17-68
180-->[com.google.android.gms:play-services-tagmanager-api:11.0.4] AndroidManifest.xml:28:25-66
181
182                <category android:name="android.intent.category.DEFAULT" />
182-->[com.google.android.gms:play-services-appinvite:11.0.4] AndroidManifest.xml:23:17-75
182-->[com.google.android.gms:play-services-appinvite:11.0.4] AndroidManifest.xml:23:27-73
183                <category android:name="android.intent.category.BROWSABLE" />
183-->[com.google.android.gms:play-services-tagmanager-api:11.0.4] AndroidManifest.xml:30:17-77
183-->[com.google.android.gms:play-services-tagmanager-api:11.0.4] AndroidManifest.xml:30:27-75
184            </intent-filter>
185        </activity>
186
187        <receiver
187-->[com.google.firebase:firebase-analytics:11.0.4] AndroidManifest.xml:25:7-26:18
188            android:name="com.google.android.gms.measurement.AppMeasurementReceiver"
188-->[com.google.firebase:firebase-analytics:11.0.4] AndroidManifest.xml:25:17-89
189            android:enabled="true"
189-->[com.google.firebase:firebase-analytics:11.0.4] AndroidManifest.xml:25:90-112
190            android:exported="false" >
190-->[com.google.firebase:firebase-analytics:11.0.4] AndroidManifest.xml:25:113-137
191        </receiver>
192        <receiver
192-->[com.google.firebase:firebase-analytics:11.0.4] AndroidManifest.xml:27:7-31:18
193            android:name="com.google.android.gms.measurement.AppMeasurementInstallReferrerReceiver"
193-->[com.google.firebase:firebase-analytics:11.0.4] AndroidManifest.xml:27:17-104
194            android:enabled="true"
194-->[com.google.firebase:firebase-analytics:11.0.4] AndroidManifest.xml:27:162-184
195            android:exported="true"
195-->[com.google.firebase:firebase-analytics:11.0.4] AndroidManifest.xml:27:185-208
196            android:permission="android.permission.INSTALL_PACKAGES" >
196-->[com.google.firebase:firebase-analytics:11.0.4] AndroidManifest.xml:27:105-161
197            <intent-filter>
197-->[com.google.firebase:firebase-analytics:11.0.4] AndroidManifest.xml:28:11-30:27
198                <action android:name="com.android.vending.INSTALL_REFERRER" />
198-->[com.google.firebase:firebase-analytics:11.0.4] AndroidManifest.xml:29:15-76
198-->[com.google.firebase:firebase-analytics:11.0.4] AndroidManifest.xml:29:23-74
199            </intent-filter>
200        </receiver>
201
202        <service
202-->[com.google.firebase:firebase-analytics:11.0.4] AndroidManifest.xml:32:7-137
203            android:name="com.google.android.gms.measurement.AppMeasurementService"
203-->[com.google.firebase:firebase-analytics:11.0.4] AndroidManifest.xml:32:16-87
204            android:enabled="true"
204-->[com.google.firebase:firebase-analytics:11.0.4] AndroidManifest.xml:32:88-110
205            android:exported="false" />
205-->[com.google.firebase:firebase-analytics:11.0.4] AndroidManifest.xml:32:111-135
206        <service
206-->[com.google.firebase:firebase-analytics:11.0.4] AndroidManifest.xml:33:7-197
207            android:name="com.google.android.gms.measurement.AppMeasurementJobService"
207-->[com.google.firebase:firebase-analytics:11.0.4] AndroidManifest.xml:33:16-90
208            android:enabled="true"
208-->[com.google.firebase:firebase-analytics:11.0.4] AndroidManifest.xml:33:148-170
209            android:exported="false"
209-->[com.google.firebase:firebase-analytics:11.0.4] AndroidManifest.xml:33:171-195
210            android:permission="android.permission.BIND_JOB_SERVICE" />
210-->[com.google.firebase:firebase-analytics:11.0.4] AndroidManifest.xml:33:91-147
211
212        <receiver
212-->[com.google.firebase:firebase-iid:11.0.4] AndroidManifest.xml:30:9-35:20
213            android:name="com.google.firebase.iid.FirebaseInstanceIdReceiver"
213-->[com.google.firebase:firebase-iid:11.0.4] AndroidManifest.xml:30:19-84
214            android:exported="true"
214-->[com.google.firebase:firebase-iid:11.0.4] AndroidManifest.xml:30:85-108
215            android:permission="com.google.android.c2dm.permission.SEND" >
215-->[com.google.firebase:firebase-iid:11.0.4] AndroidManifest.xml:30:109-169
216            <intent-filter>
216-->[com.google.firebase:firebase-iid:11.0.4] AndroidManifest.xml:31:13-34:29
217                <action android:name="com.google.android.c2dm.intent.RECEIVE" />
217-->[com.google.firebase:firebase-iid:11.0.4] AndroidManifest.xml:32:17-80
217-->[com.google.firebase:firebase-iid:11.0.4] AndroidManifest.xml:32:25-78
218
219                <category android:name="com.app.urbfs" />
219-->[com.google.firebase:firebase-iid:11.0.4] AndroidManifest.xml:33:17-60
219-->[com.google.firebase:firebase-iid:11.0.4] AndroidManifest.xml:33:27-58
220            </intent-filter>
221        </receiver>
222        <!--
223 Internal (not exported) receiver used by the app to start its own exported services
224             without risk of being spoofed.
225        -->
226        <receiver
226-->[com.google.firebase:firebase-iid:11.0.4] AndroidManifest.xml:39:9-119
227            android:name="com.google.firebase.iid.FirebaseInstanceIdInternalReceiver"
227-->[com.google.firebase:firebase-iid:11.0.4] AndroidManifest.xml:39:19-92
228            android:exported="false" />
228-->[com.google.firebase:firebase-iid:11.0.4] AndroidManifest.xml:39:93-117
229        <!--
230 FirebaseInstanceIdService performs security checks at runtime,
231             no need for explicit permissions despite exported="true"
232        -->
233        <service
233-->[com.google.firebase:firebase-iid:11.0.4] AndroidManifest.xml:43:9-47:19
234            android:name="com.google.firebase.iid.FirebaseInstanceIdService"
234-->[com.google.firebase:firebase-iid:11.0.4] AndroidManifest.xml:43:18-82
235            android:exported="true" >
235-->[com.google.firebase:firebase-iid:11.0.4] AndroidManifest.xml:43:83-106
236            <intent-filter android:priority="-500" >
236-->[com.google.firebase:firebase-iid:11.0.4] AndroidManifest.xml:44:13-46:29
236-->[com.google.firebase:firebase-iid:11.0.4] AndroidManifest.xml:44:28-51
237                <action android:name="com.google.firebase.INSTANCE_ID_EVENT" />
237-->[com.google.firebase:firebase-iid:11.0.4] AndroidManifest.xml:45:17-79
237-->[com.google.firebase:firebase-iid:11.0.4] AndroidManifest.xml:45:25-77
238            </intent-filter>
239        </service>
240
241        <provider
241-->[com.google.firebase:firebase-common:11.0.4] AndroidManifest.xml:6:9-194
242            android:name="com.google.firebase.provider.FirebaseInitProvider"
242-->[com.google.firebase:firebase-common:11.0.4] AndroidManifest.xml:6:79-143
243            android:authorities="com.app.urbfs.firebaseinitprovider"
243-->[com.google.firebase:firebase-common:11.0.4] AndroidManifest.xml:6:19-78
244            android:exported="false"
244-->[com.google.firebase:firebase-common:11.0.4] AndroidManifest.xml:6:144-168
245            android:initOrder="100" />
245-->[com.google.firebase:firebase-common:11.0.4] AndroidManifest.xml:6:169-192
246
247        <meta-data
247-->[com.google.android.gms:play-services-basement:11.0.4] AndroidManifest.xml:20:9-121
248            android:name="com.google.android.gms.version"
248-->[com.google.android.gms:play-services-basement:11.0.4] AndroidManifest.xml:20:20-65
249            android:value="@integer/google_play_services_version" />
249-->[com.google.android.gms:play-services-basement:11.0.4] AndroidManifest.xml:20:66-119
250    </application>
251
252</manifest>